
-----
Test: tests/test_buy_product.py::test_buy_product (call)
Start time: 2024-08-16 14:09:23.737571
Start name method: authorization_from_main_page


-----
Test: tests/test_buy_product.py::test_buy_product (call)
Start time: 2024-08-16 14:09:36.370387
Start name method: returning_to_main_page

End time: 2024-08-16 14:09:41.672791
End name method: returning_to_main_page
URL: https://bloomscape.com/

-----
End time: 2024-08-16 14:09:41.680978
End name method: authorization_from_main_page
URL: https://bloomscape.com/

-----

-----
Test: tests/test_buy_product.py::test_buy_product (call)
Start time: 2024-08-16 14:09:41.682117
Start name method: choose_section_shop_all_plants

End time: 2024-08-16 14:09:54.941101
End name method: choose_section_shop_all_plants
URL: https://bloomscape.com/shop/shop-all-plants/

-----

-----
Test: tests/test_buy_product.py::test_buy_product (call)
Start time: 2024-08-16 14:09:54.942003
Start name method: select_filters_set_1

End time: 2024-08-16 14:10:42.002400
End name method: select_filters_set_1
URL: https://bloomscape.com/shop/shop-all-plants/?fwp_light_level=medium&fwp_plant_size=medium&fwp_difficulty=no-fuss&fwp_pet_friendly=yes&fwp_air_cleaner=yes&fwp_price=50-99.99

-----

-----
Test: tests/test_buy_product.py::test_buy_product (call)
Start time: 2024-08-16 14:10:42.003504
Start name method: select_bromeliad_pineapple_plant

End time: 2024-08-16 14:10:53.762887
End name method: select_bromeliad_pineapple_plant
URL: https://bloomscape.com/product/bromeliad-pineapple/

-----

-----
Test: tests/test_buy_product.py::test_buy_product (call)
Start time: 2024-08-16 14:10:53.764160
Start name method: add_product_to_the_shopping_cart

End time: 2024-08-16 14:10:53.995355
End name method: add_product_to_the_shopping_cart
URL: https://bloomscape.com/product/bromeliad-pineapple/

-----

-----
Test: tests/test_buy_product.py::test_buy_product (call)
Start time: 2024-08-16 14:10:56.162256
Start name method: to_checkout_page

End time: 2024-08-16 14:11:09.197614
End name method: to_checkout_page
URL: https://bloomscape.com/checkout/

-----

-----
Test: tests/test_buy_product.py::test_buy_product (call)
Start time: 2024-08-16 14:11:09.197614
Start name method: checkout

End time: 2024-08-16 14:11:17.288809
End name method: checkout
URL: https://bloomscape.com/checkout/

-----
