
-----
Test: tests/test_buy_product.py::test_buy_product (call)
Start time: 2024-08-15 16:12:27.321423
Start name method: authorization_from_main_page


-----
Test: tests/test_buy_product.py::test_buy_product (call)
Start time: 2024-08-15 16:13:21.424360
Start name method: returning_to_main_page

End time: 2024-08-15 16:13:49.641094
End name method: returning_to_main_page
URL: https://bloomscape.com/

-----
End time: 2024-08-15 16:13:49.649495
End name method: authorization_from_main_page
URL: https://bloomscape.com/

-----

-----
Test: tests/test_buy_product.py::test_buy_product (call)
Start time: 2024-08-15 16:13:49.650512
Start name method: choose_section_shop_all_plants

End time: 2024-08-15 16:14:26.367048
End name method: choose_section_shop_all_plants
URL: https://bloomscape.com/shop/shop-all-plants/

-----

-----
Test: tests/test_buy_product.py::test_buy_product (call)
Start time: 2024-08-15 16:14:26.368072
Start name method: select_filters_set_1

End time: 2024-08-15 16:15:11.805078
End name method: select_filters_set_1
URL: https://bloomscape.com/shop/shop-all-plants/?fwp_light_level=medium&fwp_plant_size=medium&fwp_difficulty=no-fuss&fwp_pet_friendly=yes&fwp_air_cleaner=yes&fwp_price=50-99.99

-----

-----
Test: tests/test_buy_product.py::test_buy_product (call)
Start time: 2024-08-15 16:15:11.806088
Start name method: select_bromeliad_pineapple_plant

End time: 2024-08-15 16:15:47.139292
End name method: select_bromeliad_pineapple_plant
URL: https://bloomscape.com/product/bromeliad-pineapple/

-----

-----
Test: tests/test_buy_product.py::test_buy_product (call)
Start time: 2024-08-15 16:15:47.140319
Start name method: add_product_to_the_shopping_cart

End time: 2024-08-15 16:15:47.370747
End name method: add_product_to_the_shopping_cart
URL: https://bloomscape.com/product/bromeliad-pineapple/

-----

-----
Test: tests/test_buy_product.py::test_buy_product (call)
Start time: 2024-08-15 16:15:49.545423
Start name method: to_checkout_page

End time: 2024-08-15 16:16:19.797616
End name method: to_checkout_page
URL: https://bloomscape.com/checkout/

-----

-----
Test: tests/test_buy_product.py::test_buy_product (call)
Start time: 2024-08-15 16:16:19.798633
Start name method: checkout

End time: 2024-08-15 16:17:04.626189
End name method: checkout
URL: https://bloomscape.com/checkout/

-----
