
-----
Test: tests/test_buy_product.py::test_buy_product (call)
Start time: 2024-08-16 14:04:53.369163
Start name method: authorization_from_main_page


-----
Test: tests/test_buy_product.py::test_buy_product (call)
Start time: 2024-08-16 14:05:02.351509
Start name method: returning_to_main_page

End time: 2024-08-16 14:05:06.273268
End name method: returning_to_main_page
URL: https://bloomscape.com/

-----
End time: 2024-08-16 14:05:06.282857
End name method: authorization_from_main_page
URL: https://bloomscape.com/

-----

-----
Test: tests/test_buy_product.py::test_buy_product (call)
Start time: 2024-08-16 14:05:06.284102
Start name method: choose_section_shop_all_plants

End time: 2024-08-16 14:05:18.626228
End name method: choose_section_shop_all_plants
URL: https://bloomscape.com/shop/shop-all-plants/

-----

-----
Test: tests/test_buy_product.py::test_buy_product (call)
Start time: 2024-08-16 14:05:18.626228
Start name method: select_filters_set_1

End time: 2024-08-16 14:06:05.643641
End name method: select_filters_set_1
URL: https://bloomscape.com/shop/shop-all-plants/?fwp_light_level=medium&fwp_plant_size=medium&fwp_difficulty=no-fuss&fwp_pet_friendly=yes&fwp_air_cleaner=yes&fwp_price=50-99.99

-----

-----
Test: tests/test_buy_product.py::test_buy_product (call)
Start time: 2024-08-16 14:06:05.644916
Start name method: select_bromeliad_pineapple_plant

End time: 2024-08-16 14:06:09.565548
End name method: select_bromeliad_pineapple_plant
URL: https://bloomscape.com/product/bromeliad-pineapple/

-----

-----
Test: tests/test_buy_product.py::test_buy_product (call)
Start time: 2024-08-16 14:06:09.566498
Start name method: add_product_to_the_shopping_cart

End time: 2024-08-16 14:06:10.985219
End name method: add_product_to_the_shopping_cart
URL: https://bloomscape.com/product/bromeliad-pineapple/

-----

-----
Test: tests/test_buy_product.py::test_buy_product (call)
Start time: 2024-08-16 14:06:12.146363
Start name method: to_checkout_page

End time: 2024-08-16 14:06:22.119895
End name method: to_checkout_page
URL: https://bloomscape.com/checkout/

-----

-----
Test: tests/test_buy_product.py::test_buy_product (call)
Start time: 2024-08-16 14:06:22.120665
Start name method: checkout

End time: 2024-08-16 14:06:38.168522
End name method: checkout
URL: https://bloomscape.com/checkout/

-----
