
-----
Test: tests/test_buy_product.py::test_buy_product (call)
Start time: 2024-08-15 15:03:01.530017
Start name method: authorization_from_main_page


-----
Test: tests/test_buy_product.py::test_buy_product (call)
Start time: 2024-08-15 15:03:58.710157
Start name method: returning_to_main_page

End time: 2024-08-15 15:04:26.638445
End name method: returning_to_main_page
URL: https://bloomscape.com/

-----
End time: 2024-08-15 15:04:26.646546
End name method: authorization_from_main_page
URL: https://bloomscape.com/

-----

-----
Test: tests/test_buy_product.py::test_buy_product (call)
Start time: 2024-08-15 15:04:26.646546
Start name method: choose_section_shop_all_plants

End time: 2024-08-15 15:05:04.005957
End name method: choose_section_shop_all_plants
URL: https://bloomscape.com/shop/shop-all-plants/

-----

-----
Test: tests/test_buy_product.py::test_buy_product (call)
Start time: 2024-08-15 15:05:04.006957
Start name method: select_filters_set_1

End time: 2024-08-15 15:05:49.388459
End name method: select_filters_set_1
URL: https://bloomscape.com/shop/shop-all-plants/?fwp_light_level=medium&fwp_plant_size=medium&fwp_difficulty=no-fuss&fwp_pet_friendly=yes&fwp_air_cleaner=yes&fwp_price=50-99.99

-----

-----
Test: tests/test_buy_product.py::test_buy_product (call)
Start time: 2024-08-15 15:05:49.389615
Start name method: select_bromeliad_pineapple_plant

End time: 2024-08-15 15:06:29.928539
End name method: select_bromeliad_pineapple_plant
URL: https://bloomscape.com/product/bromeliad-pineapple/

-----

-----
Test: tests/test_buy_product.py::test_buy_product (call)
Start time: 2024-08-15 15:06:29.929564
Start name method: add_product_to_the_shopping_cart

End time: 2024-08-15 15:06:30.153326
End name method: add_product_to_the_shopping_cart
URL: https://bloomscape.com/product/bromeliad-pineapple/

-----

-----
Test: tests/test_buy_product.py::test_buy_product (call)
Start time: 2024-08-15 15:06:33.371387
Start name method: to_checkout_page

End time: 2024-08-15 15:07:10.381896
End name method: to_checkout_page
URL: https://bloomscape.com/checkout/

-----

-----
Test: tests/test_buy_product.py::test_buy_product (call)
Start time: 2024-08-15 15:07:10.382906
Start name method: checkout

